2025-02-27T15:51:42.957+05:30  INFO 1088 --- [UC6_EmployeePayrollAppSetup] [main] .U.Uc6EmployeePayrollAppSetupApplication : Starting Uc6EmployeePayrollAppSetupApplication using Java 22.0.2 with PID 1088 (D:\EMPLOYEEPAYROLL\UC6_EmployeePayrollAppSetup\target\classes started by tiwar in D:\EMPLOYEEPAYROLL\UC6_EmployeePayrollAppSetup)
2025-02-27T15:51:42.960+05:30  INFO 1088 --- [UC6_EmployeePayrollAppSetup] [main] .U.Uc6EmployeePayrollAppSetupApplication : No active profile set, falling back to 1 default profile: "default"
2025-02-27T15:51:44.726+05:30  INFO 1088 --- [UC6_EmployeePayrollAppSetup] [main] .s.d.r.c.RepositoryConfigurationDelegate : Bootstrapping Spring Data JPA repositories in DEFAULT mode.
2025-02-27T15:51:44.772+05:30  INFO 1088 --- [UC6_EmployeePayrollAppSetup] [main] .s.d.r.c.RepositoryConfigurationDelegate : Finished Spring Data repository scanning in 28 ms. Found 0 JPA repository interfaces.
2025-02-27T15:51:45.861+05:30  INFO 1088 --- [UC6_EmployeePayrollAppSetup] [main] o.s.b.w.embedded.tomcat.TomcatWebServer  : Tomcat initialized with port 8090 (http)
2025-02-27T15:51:45.886+05:30  INFO 1088 --- [UC6_EmployeePayrollAppSetup] [main] o.apache.catalina.core.StandardService   : Starting service [Tomcat]
2025-02-27T15:51:45.887+05:30  INFO 1088 --- [UC6_EmployeePayrollAppSetup] [main] o.apache.catalina.core.StandardEngine    : Starting Servlet engine: [Apache Tomcat/10.1.36]
2025-02-27T15:51:45.980+05:30  INFO 1088 --- [UC6_EmployeePayrollAppSetup] [main] o.a.c.c.C.[Tomcat].[localhost].[/]       : Initializing Spring embedded WebApplicationContext
2025-02-27T15:51:45.980+05:30  INFO 1088 --- [UC6_EmployeePayrollAppSetup] [main] w.s.c.ServletWebServerApplicationContext : Root WebApplicationContext: initialization completed in 2946 ms
2025-02-27T15:51:46.322+05:30  INFO 1088 --- [UC6_EmployeePayrollAppSetup] [main] com.zaxxer.hikari.HikariDataSource       : HikariPool-1 - Starting...
2025-02-27T15:51:46.726+05:30  INFO 1088 --- [UC6_EmployeePayrollAppSetup] [main] com.zaxxer.hikari.pool.HikariPool        : HikariPool-1 - Added connection conn0: url=jdbc:h2:mem:employeedb user=SA
2025-02-27T15:51:46.731+05:30  INFO 1088 --- [UC6_EmployeePayrollAppSetup] [main] com.zaxxer.hikari.HikariDataSource       : HikariPool-1 - Start completed.
2025-02-27T15:51:46.848+05:30  INFO 1088 --- [UC6_EmployeePayrollAppSetup] [main] o.hibernate.jpa.internal.util.LogHelper  : HHH000204: Processing PersistenceUnitInfo [name: default]
2025-02-27T15:51:47.024+05:30  INFO 1088 --- [UC6_EmployeePayrollAppSetup] [main] org.hibernate.Version                    : HHH000412: Hibernate ORM core version 6.6.8.Final
2025-02-27T15:51:47.089+05:30  INFO 1088 --- [UC6_EmployeePayrollAppSetup] [main] o.h.c.internal.RegionFactoryInitiator    : HHH000026: Second-level cache disabled
2025-02-27T15:51:47.657+05:30  INFO 1088 --- [UC6_EmployeePayrollAppSetup] [main] o.s.o.j.p.SpringPersistenceUnitInfo      : No LoadTimeWeaver setup: ignoring JPA class transformer
2025-02-27T15:51:47.754+05:30  WARN 1088 --- [UC6_EmployeePayrollAppSetup] [main] org.hibernate.orm.deprecation            : HHH90000025: H2Dialect does not need to be specified explicitly using 'hibernate.dialect' (remove the property setting and it will be selected by default)
2025-02-27T15:51:47.782+05:30  INFO 1088 --- [UC6_EmployeePayrollAppSetup] [main] org.hibernate.orm.connections.pooling    : HHH10001005: Database info:
	Database JDBC URL [Connecting through datasource 'HikariDataSource (HikariPool-1)']
	Database driver: undefined/unknown
	Database version: 2.3.232
	Autocommit mode: undefined/unknown
	Isolation level: undefined/unknown
	Minimum pool size: undefined/unknown
	Maximum pool size: undefined/unknown
2025-02-27T15:51:48.964+05:30  INFO 1088 --- [UC6_EmployeePayrollAppSetup] [main] o.h.e.t.j.p.i.JtaPlatformInitiator       : HHH000489: No JTA platform available (set 'hibernate.transaction.jta.platform' to enable JTA platform integration)
2025-02-27T15:51:49.016+05:30  INFO 1088 --- [UC6_EmployeePayrollAppSetup] [main] j.LocalContainerEntityManagerFactoryBean : Initialized JPA EntityManagerFactory for persistence unit 'default'
2025-02-27T15:51:49.098+05:30  WARN 1088 --- [UC6_EmployeePayrollAppSetup] [main] JpaBaseConfiguration$JpaWebConfiguration : spring.jpa.open-in-view is enabled by default. Therefore, database queries may be performed during view rendering. Explicitly configure spring.jpa.open-in-view to disable this warning
2025-02-27T15:51:49.768+05:30  INFO 1088 --- [UC6_EmployeePayrollAppSetup] [main] o.s.b.a.h2.H2ConsoleAutoConfiguration    : H2 console available at '/h2-console'. Database available at 'jdbc:h2:mem:employeedb'
2025-02-27T15:51:49.886+05:30  INFO 1088 --- [UC6_EmployeePayrollAppSetup] [main] o.s.b.w.embedded.tomcat.TomcatWebServer  : Tomcat started on port 8090 (http) with context path '/'
2025-02-27T15:51:49.901+05:30  INFO 1088 --- [UC6_EmployeePayrollAppSetup] [main] .U.Uc6EmployeePayrollAppSetupApplication : Started Uc6EmployeePayrollAppSetupApplication in 7.925 seconds (process running for 8.964)
2025-02-27T15:52:27.392+05:30  INFO 1088 --- [UC6_EmployeePayrollAppSetup] [http-nio-8090-exec-2] o.a.c.c.C.[Tomcat].[localhost].[/]       : Initializing Spring DispatcherServlet 'dispatcherServlet'
2025-02-27T15:52:27.393+05:30  INFO 1088 --- [UC6_EmployeePayrollAppSetup] [http-nio-8090-exec-2] o.s.web.servlet.DispatcherServlet        : Initializing Servlet 'dispatcherServlet'
2025-02-27T15:52:27.396+05:30  INFO 1088 --- [UC6_EmployeePayrollAppSetup] [http-nio-8090-exec-2] o.s.web.servlet.DispatcherServlet        : Completed initialization in 3 ms
2025-02-27T15:53:33.755+05:30  WARN 1088 --- [UC6_EmployeePayrollAppSetup] [http-nio-8090-exec-4] .w.s.m.s.DefaultHandlerExceptionResolver : Resolved [org.springframework.web.method.annotation.MethodArgumentTypeMismatchException: Method parameter 'id': Failed to convert value of type 'java.lang.String' to required type 'int'; For input string: "add"]
2025-02-27T15:54:01.908+05:30  INFO 1088 --- [UC6_EmployeePayrollAppSetup] [SpringApplicationShutdownHook] o.s.b.w.e.tomcat.GracefulShutdown        : Commencing graceful shutdown. Waiting for active requests to complete
2025-02-27T15:54:01.916+05:30  INFO 1088 --- [UC6_EmployeePayrollAppSetup] [tomcat-shutdown] o.s.b.w.e.tomcat.GracefulShutdown        : Graceful shutdown complete
2025-02-27T15:54:01.920+05:30  INFO 1088 --- [UC6_EmployeePayrollAppSetup] [SpringApplicationShutdownHook] j.LocalContainerEntityManagerFactoryBean : Closing JPA EntityManagerFactory for persistence unit 'default'
2025-02-27T15:54:01.926+05:30  INFO 1088 --- [UC6_EmployeePayrollAppSetup] [SpringApplicationShutdownHook] com.zaxxer.hikari.HikariDataSource       : HikariPool-1 - Shutdown initiated...
2025-02-27T15:54:01.929+05:30  INFO 1088 --- [UC6_EmployeePayrollAppSetup] [SpringApplicationShutdownHook] com.zaxxer.hikari.HikariDataSource       : HikariPool-1 - Shutdown completed.
2025-02-27T15:54:09.013+05:30  INFO 14256 --- [UC6_EmployeePayrollAppSetup] [main] .U.Uc6EmployeePayrollAppSetupApplication : Starting Uc6EmployeePayrollAppSetupApplication using Java 22.0.2 with PID 14256 (D:\EMPLOYEEPAYROLL\UC6_EmployeePayrollAppSetup\target\classes started by tiwar in D:\EMPLOYEEPAYROLL\UC6_EmployeePayrollAppSetup)
2025-02-27T15:54:09.016+05:30  INFO 14256 --- [UC6_EmployeePayrollAppSetup] [main] .U.Uc6EmployeePayrollAppSetupApplication : No active profile set, falling back to 1 default profile: "default"
2025-02-27T15:54:10.319+05:30  INFO 14256 --- [UC6_EmployeePayrollAppSetup] [main] .s.d.r.c.RepositoryConfigurationDelegate : Bootstrapping Spring Data JPA repositories in DEFAULT mode.
2025-02-27T15:54:10.354+05:30  INFO 14256 --- [UC6_EmployeePayrollAppSetup] [main] .s.d.r.c.RepositoryConfigurationDelegate : Finished Spring Data repository scanning in 20 ms. Found 0 JPA repository interfaces.
2025-02-27T15:54:11.213+05:30  INFO 14256 --- [UC6_EmployeePayrollAppSetup] [main] o.s.b.w.embedded.tomcat.TomcatWebServer  : Tomcat initialized with port 8090 (http)
2025-02-27T15:54:11.235+05:30  INFO 14256 --- [UC6_EmployeePayrollAppSetup] [main] o.apache.catalina.core.StandardService   : Starting service [Tomcat]
2025-02-27T15:54:11.236+05:30  INFO 14256 --- [UC6_EmployeePayrollAppSetup] [main] o.apache.catalina.core.StandardEngine    : Starting Servlet engine: [Apache Tomcat/10.1.36]
2025-02-27T15:54:11.319+05:30  INFO 14256 --- [UC6_EmployeePayrollAppSetup] [main] o.a.c.c.C.[Tomcat].[localhost].[/]       : Initializing Spring embedded WebApplicationContext
2025-02-27T15:54:11.320+05:30  INFO 14256 --- [UC6_EmployeePayrollAppSetup] [main] w.s.c.ServletWebServerApplicationContext : Root WebApplicationContext: initialization completed in 2216 ms
2025-02-27T15:54:11.638+05:30  INFO 14256 --- [UC6_EmployeePayrollAppSetup] [main] com.zaxxer.hikari.HikariDataSource       : HikariPool-1 - Starting...
2025-02-27T15:54:11.977+05:30  INFO 14256 --- [UC6_EmployeePayrollAppSetup] [main] com.zaxxer.hikari.pool.HikariPool        : HikariPool-1 - Added connection conn0: url=jdbc:h2:mem:employeedb user=SA
2025-02-27T15:54:11.981+05:30  INFO 14256 --- [UC6_EmployeePayrollAppSetup] [main] com.zaxxer.hikari.HikariDataSource       : HikariPool-1 - Start completed.
2025-02-27T15:54:12.072+05:30  INFO 14256 --- [UC6_EmployeePayrollAppSetup] [main] o.hibernate.jpa.internal.util.LogHelper  : HHH000204: Processing PersistenceUnitInfo [name: default]
2025-02-27T15:54:12.141+05:30  INFO 14256 --- [UC6_EmployeePayrollAppSetup] [main] org.hibernate.Version                    : HHH000412: Hibernate ORM core version 6.6.8.Final
2025-02-27T15:54:12.230+05:30  INFO 14256 --- [UC6_EmployeePayrollAppSetup] [main] o.h.c.internal.RegionFactoryInitiator    : HHH000026: Second-level cache disabled
2025-02-27T15:54:12.712+05:30  INFO 14256 --- [UC6_EmployeePayrollAppSetup] [main] o.s.o.j.p.SpringPersistenceUnitInfo      : No LoadTimeWeaver setup: ignoring JPA class transformer
2025-02-27T15:54:12.779+05:30  WARN 14256 --- [UC6_EmployeePayrollAppSetup] [main] org.hibernate.orm.deprecation            : HHH90000025: H2Dialect does not need to be specified explicitly using 'hibernate.dialect' (remove the property setting and it will be selected by default)
2025-02-27T15:54:12.803+05:30  INFO 14256 --- [UC6_EmployeePayrollAppSetup] [main] org.hibernate.orm.connections.pooling    : HHH10001005: Database info:
	Database JDBC URL [Connecting through datasource 'HikariDataSource (HikariPool-1)']
	Database driver: undefined/unknown
	Database version: 2.3.232
	Autocommit mode: undefined/unknown
	Isolation level: undefined/unknown
	Minimum pool size: undefined/unknown
	Maximum pool size: undefined/unknown
2025-02-27T15:54:13.802+05:30  INFO 14256 --- [UC6_EmployeePayrollAppSetup] [main] o.h.e.t.j.p.i.JtaPlatformInitiator       : HHH000489: No JTA platform available (set 'hibernate.transaction.jta.platform' to enable JTA platform integration)
2025-02-27T15:54:13.841+05:30  INFO 14256 --- [UC6_EmployeePayrollAppSetup] [main] j.LocalContainerEntityManagerFactoryBean : Initialized JPA EntityManagerFactory for persistence unit 'default'
2025-02-27T15:54:13.927+05:30  WARN 14256 --- [UC6_EmployeePayrollAppSetup] [main] JpaBaseConfiguration$JpaWebConfiguration : spring.jpa.open-in-view is enabled by default. Therefore, database queries may be performed during view rendering. Explicitly configure spring.jpa.open-in-view to disable this warning
2025-02-27T15:54:14.477+05:30  INFO 14256 --- [UC6_EmployeePayrollAppSetup] [main] o.s.b.a.h2.H2ConsoleAutoConfiguration    : H2 console available at '/h2-console'. Database available at 'jdbc:h2:mem:employeedb'
2025-02-27T15:54:14.607+05:30  INFO 14256 --- [UC6_EmployeePayrollAppSetup] [main] o.s.b.w.embedded.tomcat.TomcatWebServer  : Tomcat started on port 8090 (http) with context path '/'
2025-02-27T15:54:14.623+05:30  INFO 14256 --- [UC6_EmployeePayrollAppSetup] [main] .U.Uc6EmployeePayrollAppSetupApplication : Started Uc6EmployeePayrollAppSetupApplication in 6.51 seconds (process running for 7.195)
2025-02-27T15:54:18.963+05:30  INFO 14256 --- [UC6_EmployeePayrollAppSetup] [http-nio-8090-exec-2] o.a.c.c.C.[Tomcat].[localhost].[/]       : Initializing Spring DispatcherServlet 'dispatcherServlet'
2025-02-27T15:54:18.963+05:30  INFO 14256 --- [UC6_EmployeePayrollAppSetup] [http-nio-8090-exec-2] o.s.web.servlet.DispatcherServlet        : Initializing Servlet 'dispatcherServlet'
2025-02-27T15:54:18.966+05:30  INFO 14256 --- [UC6_EmployeePayrollAppSetup] [http-nio-8090-exec-2] o.s.web.servlet.DispatcherServlet        : Completed initialization in 3 ms
2025-02-27T15:54:19.064+05:30  WARN 14256 --- [UC6_EmployeePayrollAppSetup] [http-nio-8090-exec-2] .w.s.m.s.DefaultHandlerExceptionResolver : Resolved [org.springframework.web.method.annotation.MethodArgumentTypeMismatchException: Method parameter 'id': Failed to convert value of type 'java.lang.String' to required type 'int'; For input string: "add"]
2025-02-27T16:04:24.307+05:30  WARN 14256 --- [UC6_EmployeePayrollAppSetup] [http-nio-8090-exec-4] .w.s.m.s.DefaultHandlerExceptionResolver : Resolved [org.springframework.web.method.annotation.MethodArgumentTypeMismatchException: Method parameter 'id': Failed to convert value of type 'java.lang.String' to required type 'int'; For input string: "add"]
2025-02-27T16:05:57.267+05:30  INFO 14256 --- [UC6_EmployeePayrollAppSetup] [http-nio-8090-exec-6] c.b.U.services.EmployeeService           : Employee added: Employee(id=1, name=BRO Tiwari, email=kalpesh.doblee@example.com, salary=50000.0)
2025-02-27T16:09:00.824+05:30  WARN 14256 --- [UC6_EmployeePayrollAppSetup] [http-nio-8090-exec-2] c.b.U.services.EmployeeService           : Employee not found with ID: 2
2025-02-27T16:09:09.769+05:30  INFO 14256 --- [UC6_EmployeePayrollAppSetup] [http-nio-8090-exec-3] c.b.U.services.EmployeeService           : Employee found: Employee(id=1, name=BRO Tiwari, email=kalpesh.doblee@example.com, salary=50000.0)
2025-02-27T16:10:29.264+05:30  INFO 14256 --- [UC6_EmployeePayrollAppSetup] [SpringApplicationShutdownHook] o.s.b.w.e.tomcat.GracefulShutdown        : Commencing graceful shutdown. Waiting for active requests to complete
2025-02-27T16:10:29.272+05:30  INFO 14256 --- [UC6_EmployeePayrollAppSetup] [tomcat-shutdown] o.s.b.w.e.tomcat.GracefulShutdown        : Graceful shutdown complete
2025-02-27T16:10:29.274+05:30  INFO 14256 --- [UC6_EmployeePayrollAppSetup] [SpringApplicationShutdownHook] j.LocalContainerEntityManagerFactoryBean : Closing JPA EntityManagerFactory for persistence unit 'default'
2025-02-27T16:10:29.279+05:30  INFO 14256 --- [UC6_EmployeePayrollAppSetup] [SpringApplicationShutdownHook] com.zaxxer.hikari.HikariDataSource       : HikariPool-1 - Shutdown initiated...
2025-02-27T16:10:29.282+05:30  INFO 14256 --- [UC6_EmployeePayrollAppSetup] [SpringApplicationShutdownHook] com.zaxxer.hikari.HikariDataSource       : HikariPool-1 - Shutdown completed.
